<?xml version="1.0" encoding="UTF-8"?>
<testsuite name="com.lulobank.authorizer.AuthorizerApplicationTests" tests="1" skipped="0" failures="0" errors="0" timestamp="2022-04-01T18:13:02" hostname="CRISTIAN-COBO" time="0.657">
  <properties/>
  <testcase name="contextLoads()" classname="com.lulobank.authorizer.AuthorizerApplicationTests" time="0.657"/>
  <system-out><![CDATA[13:12:58.194 [Test worker] DEBUG org.springframework.test.context.BootstrapUtils - Instantiating CacheAwareContextLoaderDelegate from class [org.springframework.test.context.cache.DefaultCacheAwareContextLoaderDelegate]
13:12:58.216 [Test worker] DEBUG org.springframework.test.context.BootstrapUtils - Instantiating BootstrapContext using constructor [public org.springframework.test.context.support.DefaultBootstrapContext(java.lang.Class,org.springframework.test.context.CacheAwareContextLoaderDelegate)]
13:12:58.282 [Test worker] DEBUG org.springframework.test.context.BootstrapUtils - Instantiating TestContextBootstrapper for test class [com.lulobank.authorizer.AuthorizerApplicationTests] from class [org.springframework.boot.test.context.SpringBootTestContextBootstrapper]
13:12:58.309 [Test worker] INFO org.springframework.boot.test.context.SpringBootTestContextBootstrapper - Neither @ContextConfiguration nor @ContextHierarchy found for test class [com.lulobank.authorizer.AuthorizerApplicationTests], using SpringBootContextLoader
13:12:58.319 [Test worker] DEBUG org.springframework.test.context.support.AbstractContextLoader - Did not detect default resource location for test class [com.lulobank.authorizer.AuthorizerApplicationTests]: class path resource [com/lulobank/authorizer/AuthorizerApplicationTests-context.xml] does not exist
13:12:58.320 [Test worker] DEBUG org.springframework.test.context.support.AbstractContextLoader - Did not detect default resource location for test class [com.lulobank.authorizer.AuthorizerApplicationTests]: class path resource [com/lulobank/authorizer/AuthorizerApplicationTestsContext.groovy] does not exist
13:12:58.321 [Test worker] INFO org.springframework.test.context.support.AbstractContextLoader - Could not detect default resource locations for test class [com.lulobank.authorizer.AuthorizerApplicationTests]: no resource found for suffixes {-context.xml, Context.groovy}.
13:12:58.323 [Test worker] INFO org.springframework.test.context.support.AnnotationConfigContextLoaderUtils - Could not detect default configuration classes for test class [com.lulobank.authorizer.AuthorizerApplicationTests]: AuthorizerApplicationTests does not declare any static, non-private, non-final, nested classes annotated with @Configuration.
13:12:58.429 [Test worker] DEBUG org.springframework.test.context.support.ActiveProfilesUtils - Could not find an 'annotation declaring class' for annotation type [org.springframework.test.context.ActiveProfiles] and class [com.lulobank.authorizer.AuthorizerApplicationTests]
13:12:58.799 [Test worker] DEBUG org.springframework.context.annotation.ClassPathScanningCandidateComponentProvider - Identified candidate component class: file [C:\Users\cristian.cobo\Desktop\authorizer\transaction-authorizer\build\classes\java\main\com\lulobank\authorizer\AuthorizerApplication.class]
13:12:58.801 [Test worker] INFO org.springframework.boot.test.context.SpringBootTestContextBootstrapper - Found @SpringBootConfiguration com.lulobank.authorizer.AuthorizerApplication for test class com.lulobank.authorizer.AuthorizerApplicationTests
13:12:59.054 [Test worker] DEBUG org.springframework.boot.test.context.SpringBootTestContextBootstrapper - @TestExecutionListeners is not present for class [com.lulobank.authorizer.AuthorizerApplicationTests]: using defaults.
13:12:59.055 [Test worker] INFO org.springframework.boot.test.context.SpringBootTestContextBootstrapper - Loaded default TestExecutionListener class names from location [META-INF/spring.factories]: [org.springframework.boot.test.autoconfigure.restdocs.RestDocsTestExecutionListener, org.springframework.boot.test.autoconfigure.web.client.MockRestServiceServerResetTestExecutionListener, org.springframework.boot.test.autoconfigure.web.servlet.MockMvcPrintOnlyOnFailureTestExecutionListener, org.springframework.boot.test.autoconfigure.web.servlet.WebDriverTestExecutionListener, org.springframework.boot.test.autoconfigure.webservices.client.MockWebServiceServerTestExecutionListener, org.springframework.boot.test.mock.mockito.MockitoTestExecutionListener, org.springframework.boot.test.mock.mockito.ResetMocksTestExecutionListener, org.springframework.test.context.web.ServletTestExecutionListener, org.springframework.test.context.support.DirtiesContextBeforeModesTestExecutionListener, org.springframework.test.context.event.ApplicationEventsTestExecutionListener, org.springframework.test.context.support.DependencyInjectionTestExecutionListener, org.springframework.test.context.support.DirtiesContextTestExecutionListener, org.springframework.test.context.transaction.TransactionalTestExecutionListener, org.springframework.test.context.jdbc.SqlScriptsTestExecutionListener, org.springframework.test.context.event.EventPublishingTestExecutionListener]
13:12:59.077 [Test worker] DEBUG org.springframework.boot.test.context.SpringBootTestContextBootstrapper - Skipping candidate TestExecutionListener [org.springframework.test.context.transaction.TransactionalTestExecutionListener] due to a missing dependency. Specify custom listener classes or make the default listener classes and their required dependencies available. Offending class: [org/springframework/transaction/interceptor/TransactionAttributeSource]
13:12:59.078 [Test worker] DEBUG org.springframework.boot.test.context.SpringBootTestContextBootstrapper - Skipping candidate TestExecutionListener [org.springframework.test.context.jdbc.SqlScriptsTestExecutionListener] due to a missing dependency. Specify custom listener classes or make the default listener classes and their required dependencies available. Offending class: [org/springframework/transaction/interceptor/TransactionAttribute]
13:12:59.079 [Test worker] INFO org.springframework.boot.test.context.SpringBootTestContextBootstrapper - Using TestExecutionListeners: [org.springframework.test.context.web.ServletTestExecutionListener@35e52059, org.springframework.test.context.support.DirtiesContextBeforeModesTestExecutionListener@62577d6, org.springframework.test.context.event.ApplicationEventsTestExecutionListener@49bd54f7, org.springframework.boot.test.mock.mockito.MockitoTestExecutionListener@6b5f8707, org.springframework.boot.test.autoconfigure.SpringBootDependencyInjectionTestExecutionListener@772485dd, org.springframework.test.context.support.DirtiesContextTestExecutionListener@5a12c728, org.springframework.test.context.event.EventPublishingTestExecutionListener@79ab3a71, org.springframework.boot.test.autoconfigure.restdocs.RestDocsTestExecutionListener@6e5bfdfc, org.springframework.boot.test.autoconfigure.web.client.MockRestServiceServerResetTestExecutionListener@3d829787, org.springframework.boot.test.autoconfigure.web.servlet.MockMvcPrintOnlyOnFailureTestExecutionListener@71652c98, org.springframework.boot.test.autoconfigure.web.servlet.WebDriverTestExecutionListener@51bde877, org.springframework.boot.test.autoconfigure.webservices.client.MockWebServiceServerTestExecutionListener@60b85ba1, org.springframework.boot.test.mock.mockito.ResetMocksTestExecutionListener@492fc69e]
13:12:59.086 [Test worker] DEBUG org.springframework.test.context.support.AbstractDirtiesContextTestExecutionListener - Before test class: context [DefaultTestContext@49bf29c6 testClass = AuthorizerApplicationTests, testInstance = [null], testMethod = [null], testException = [null], mergedContextConfiguration = [WebMergedContextConfiguration@7ee55e70 testClass = AuthorizerApplicationTests, locations = '{}', classes = '{class com.lulobank.authorizer.AuthorizerApplication}', contextInitializerClasses = '[]', activeProfiles = '{}', propertySourceLocations = '{}', propertySourceProperties = '{org.springframework.boot.test.context.SpringBootTestContextBootstrapper=true}', contextCustomizers = set[org.springframework.boot.test.autoconfigure.actuate.metrics.MetricsExportContextCustomizerFactory$DisableMetricExportContextCustomizer@1f2f9244, org.springframework.boot.test.autoconfigure.properties.PropertyMappingContextCustomizer@0, org.springframework.boot.test.autoconfigure.web.servlet.WebDriverContextCustomizerFactory$Customizer@3fffff43, org.springframework.boot.test.context.filter.ExcludeFilterContextCustomizer@2e11485, org.springframework.boot.test.json.DuplicateJsonObjectContextCustomizerFactory$DuplicateJsonObjectContextCustomizer@fd8294b, org.springframework.boot.test.mock.mockito.MockitoContextCustomizer@0, org.springframework.boot.test.web.client.TestRestTemplateContextCustomizer@2fea7088, org.springframework.boot.test.context.SpringBootTestArgs@1, org.springframework.boot.test.context.SpringBootTestWebEnvironment@2cb2fc20], resourceBasePath = 'src/main/webapp', contextLoader = 'org.springframework.boot.test.context.SpringBootContextLoader', parent = [null]], attributes = map['org.springframework.test.context.web.ServletTestExecutionListener.activateListener' -> true]], class annotated with @DirtiesContext [false] with mode [null].

  .   ____          _            __ _ _
 /\\ / ___'_ __ _ _(_)_ __  __ _ \ \ \ \
( ( )\___ | '_ | '_| | '_ \/ _` | \ \ \ \
 \\/  ___)| |_)| | | | | || (_| |  ) ) ) )
  '  |____| .__|_| |_|_| |_\__, | / / / /
 =========|_|==============|___/=/_/_/_/
 :: Spring Boot ::                (v2.6.5)

2022-04-01 13:12:59.567  WARN 18012 --- [    Test worker] ory$DuplicateJsonObjectContextCustomizer : 

Found multiple occurrences of org.json.JSONObject on the class path:

	jar:file:/C:/Users/cristian.cobo/.gradle/caches/modules-2/files-2.1/org.everit.osgi.bundles/org.everit.osgi.bundles.org.json/1.0.0-v20140107/24c49dc32af1063c681d29263e0bedbef8078cf3/org.everit.osgi.bundles.org.json-1.0.0-v20140107.jar!/org/json/JSONObject.class
	jar:file:/C:/Users/cristian.cobo/.gradle/caches/modules-2/files-2.1/com.vaadin.external.google/android-json/0.0.20131108.vaadin1/fa26d351fe62a6a17f5cda1287c1c6110dec413f/android-json-0.0.20131108.vaadin1.jar!/org/json/JSONObject.class

You may wish to exclude one of them to ensure predictable runtime behavior

2022-04-01 13:12:59.590  INFO 18012 --- [    Test worker] c.l.a.AuthorizerApplicationTests         : Starting AuthorizerApplicationTests using Java 11.0.11 on CRISTIAN-COBO with PID 18012 (started by cristian.cobo in C:\Users\cristian.cobo\Desktop\authorizer\transaction-authorizer)
2022-04-01 13:12:59.591  INFO 18012 --- [    Test worker] c.l.a.AuthorizerApplicationTests         : No active profile set, falling back to 1 default profile: "default"
2022-04-01 13:13:02.892  INFO 18012 --- [    Test worker] c.l.a.AuthorizerApplicationTests         : Started AuthorizerApplicationTests in 3.752 seconds (JVM running for 6.7)
]]></system-out>
  <system-err><![CDATA[]]></system-err>
</testsuite>
